>>> Warning 203 "D:\ProgramFile\Github\Self-Balancing-Robot\Balancing pic c code ver 2\ds1307.h" Line 99(1,1): Condition always TRUE
--- Info 300 "main.c" Line 13(1,1): More info:   Timer 1 tick time is 740.56 us
>>> Warning 203 "main.c" Line 157(1,1): Condition always TRUE
>>> Warning 216 "main.c" Line 330(1,2): Interrupts disabled during call to prevent re-entrancy:  (@I2C_WRITE_1)
>>> Warning 216 "main.c" Line 330(1,2): Interrupts disabled during call to prevent re-entrancy:  (@FLT)
>>> Warning 216 "main.c" Line 330(1,2): Interrupts disabled during call to prevent re-entrancy:  (@ADDFF)
>>> Warning 216 "main.c" Line 330(1,2): Interrupts disabled during call to prevent re-entrancy:  (@MULFF)
>>> Warning 216 "main.c" Line 330(1,2): Interrupts disabled during call to prevent re-entrancy:  (Mpu6050_GetData)
>>> Warning 216 "main.c" Line 330(1,2): Interrupts disabled during call to prevent re-entrancy:  (@SITOF)
>>> Warning 216 "main.c" Line 330(1,2): Interrupts disabled during call to prevent re-entrancy:  (atan2)
>>> Warning 216 "main.c" Line 330(1,2): Interrupts disabled during call to prevent re-entrancy:  (@DIVFF)
>>> Warning 202 "main.c" Line 18(5,11): Variable never used:   status
>>> Warning 202 "main.c" Line 20(8,14): Variable never used:   prevKp
>>> Warning 202 "main.c" Line 20(16,22): Variable never used:   prevKi
>>> Warning 202 "main.c" Line 20(24,30): Variable never used:   prevKd
>>> Warning 202 "main.c" Line 24(8,25): Variable never used:   movingAngleOffset
>>> Warning 202 "main.c" Line 29(8,12): Variable never used:   dume
>>> Warning 202 "main.c" Line 31(5,14): Variable never used:   moveState
>>> Warning 202 "main.c" Line 32(16,19): Variable never used:   now
>>> Warning 202 "main.c" Line 33(16,20): Variable never used:   last
>>> Warning 202 "main.c" Line 34(16,25): Variable never used:   testtimer
>>> Warning 202 "main.c" Line 39(11,20): Variable never used:   kalAngleX
>>> Warning 202 "main.c" Line 53(11,15): Variable never used:   ndxt
>>> Warning 202 "main.c" Line 53(17,24): Variable never used:   counter
>>> Warning 202 "main.c" Line 147(9,10): Variable never used:   x
>>> Warning 202 "main.c" Line 156(36,39): Variable never used:   abc
>>> Warning 202 "main.c" Line 202(23,31): Variable never used:   outspeed
      Memory usage:   ROM=72%      RAM=60% - 93%
      0 Errors,  26 Warnings.
Build Successful.
