
ROM used:   6185/8192 (76%)
            8146/8192 (99%) including unused fragments

            1.7 Average locations per line
            11.4 Average locations per statement

RAM used:   194/368 (53%) at main() level
            280/368 (76%) worst case

Stack used: 5 worst case (3 in main + 2 for interrupts)
Stack size: 8

Lines Stmts  %   Files
----- ----- ---  -----
  312   158  29  main.c
  768     0   0  C:\Program Files (x86)\PICC\Devices\16F887.h
  181    32   6  MPU60500.c
 2229   257  48  C:\Program Files (x86)\PICC\Drivers\math.h
  133    78  14  ds1307.h
   47    16   3  Kalman.h
----- -----
 3670   541 Total

Page ROM  %  RAM   Vol Diff  Functions:
---- --- --- ---   --- ----  ----------
0     77   1    3             @I2C_READ_1
0     76   1    1             @I2C_WRITE_1
0     21   0    1             @delay_ms1
0     63   1    2   113  2.0  Mpu6050_Write
0    124   2    7   290  3.7  Mpu6050_GetData
0     64   1    0   297  1.7  Mpu6050_Init
0     65   1   10             @FLT
 Inline         4             @SFTOI
0     31   1    2             @ITOF
0    157   3   13             @MULFF
0    330   5   16             @ADDFF
0    251   4   14             @DIVFF
0     39   1    2             @SITOF
1    829  13   21  1082  6.9  atan
0    373   6   20  1100  9.0  atan2
0      8   0    0             @goto11020
0     23   0    1             @delay_ms2
1     25   0    0             @GET_TICKS_1
0    107   2    1   136  4.4  rb_isr
0     70   1    2   502  5.7  truongdeptrai
3   2002  32    8  4105 11.6  MAIN
 Inline         5             @FTOSD
0     81   1   13             @DIV3232
1    254   4   13             @PRINTF_L32D_115200_62_63FPFPF
0     23   0    5             @MUL1616
2    567   9   16   535  7.2  pid
1    469   8   10  1272  8.5  move
 Inline         0             @cinit1

Program metrics:
    Functions               10
    Statements              541
    Comments                471
    Volume (V)              13380
    Difficulty (D)          60.8
    Effort to implement (E) 813800
    Time to implement (T)   12 hours, 34 minutes
    Est Delivered Bugs (B)  3
    Cyclomatic Complexity   41
    Maintainability (MI)    21

 Segment     Used  Free
-----------  ----  ----
00000-00003     4  0  
00004-00037    52  0  
00038-007FF  1983  9  
00800-00FFF  1577  471  
01000-017FF   567  1481  
01800-01FFF  2002  46  



