
ROM used:   6131/8192 (75%)
            8140/8192 (99%) including unused fragments

            1.7 Average locations per line
            12.0 Average locations per statement

RAM used:   200/368 (54%) at main() level
            274/368 (74%) worst case

Stack used: 5 worst case (3 in main + 2 for interrupts)
Stack size: 8

Lines Stmts  %   Files
----- ----- ---  -----
  275   130  25  main.c
  768     0   0  C:\Program Files (x86)\PICC\Devices\16F887.h
  181    32   6  C:\Users\truong\Desktop\MPU6050_for_PIC_Complete\MPU60500.c
 2229   257  50  C:\Program Files (x86)\PICC\Drivers\math.h
  133    78  15  C:\Users\truong\Desktop\MPU6050_for_PIC_Complete\ds1307.h
   47    16   3  C:\Users\truong\Desktop\MPU6050_for_PIC_Complete\Kalman.h
----- -----
 3633   513 Total

Page ROM  %  RAM   Vol Diff  Functions:
---- --- --- ---   --- ----  ----------
0     77   1    3             @I2C_READ_1
0     76   1    1             @I2C_WRITE_1
0     21   0    1             @delay_ms1
0     63   1    2   113  2.0  Mpu6050_Write
0    124   2    7   290  3.7  Mpu6050_GetData
0     64   1    0   297  1.7  Mpu6050_Init
0     65   1   10             @FLT
 Inline         4             @SFTOI
1     31   1    2             @ITOF
0    119   2   13             @MULFF
0    380   6   16             @ADDFF
0    204   3   14             @DIVFF
0     39   1    2             @SITOF
1    771  13   21  1082  6.9  atan
0    363   6   20  1100  9.0  atan2
0      8   0    0             @goto11020
0     23   0    1             @delay_ms2
0    107   2    1   136  4.4  rb_isr
0     18   0    0    16  1.0  truongdeptrai
0      8   0    0    43  1.8  ngat_timer0
3   1996  33    8  3592  9.9  MAIN
0      6   0    0             @const897
0     86   1    5             @PSTRINGCN7_115200_62_63
 Inline         5             @FTOSD
0     81   1   13             @DIV3232
1    254   4   13             @PRINTF_L32D_115200_62_63FPFPF
0      5   0    0             @const908
0      5   0    0             @const909
0      6   0    0             @const911
0      5   0    0   521  7.2  @const912
1     23   0    5  1236  8.9  @MUL1616
2    498   8   16   521  7.2  pid
1    510   8    9  1236  8.9  move
 Inline         0  1236  8.9  @cinit1

Program metrics:
    Functions               14
    Statements              513
    Comments                471
    Volume (V)              17103
    Difficulty (D)          82.0
    Effort to implement (E) 1402735
    Time to implement (T)   21 hours, 39 minutes
    Est Delivered Bugs (B)  4
    Cyclomatic Complexity   55
    Maintainability (MI)    96

 Segment     Used  Free
-----------  ----  ----
00000-00003     4  0  
00004-0005E    91  0  
0005F-007FF  1953  0  
00800-00FFF  1589  459  
01000-017FF   498  1550  
01800-01FFF  1996  52  



